Using pre-set license
Built from '2020.3/staging' branch; Version is '2020.3.19f1 (68f137dc9bbe) revision 6877495'; Using compiler version '192528614'; Build Type 'Release'
OS: 'Windows 10 Home; OS build 19044.1526; Version 2009; 64bit' Language: 'en' Physical Memory: 8006 MB
BatchMode: 1, IsHumanControllingUs: 0, StartBugReporterOnCrash: 0, Is64bit: 1, IsPro: 0

COMMAND LINE ARGUMENTS:
C:\Program Files\Unity\Hub\Editor\2020.3.19f1\Editor\Unity.exe
-adb2
-batchMode
-noUpm
-name
AssetImportWorker0
-projectPath
C:/Users/hayoo/CaseNumber0311
-logFile
Logs/AssetImportWorker0.log
-srvPort
61561
Successfully changed project path to: C:/Users/hayoo/CaseNumber0311
C:/Users/hayoo/CaseNumber0311
Using Asset Import Pipeline V2.
Refreshing native plugins compatible for Editor in 66.73 ms, found 3 plugins.
Preloading 0 native plugins for Editor in 0.00 ms.
Initialize engine version: 2020.3.19f1 (68f137dc9bbe)
[Subsystems] Discovering subsystems at path C:/Program Files/Unity/Hub/Editor/2020.3.19f1/Editor/Data/Resources/UnitySubsystems
[Subsystems] Discovering subsystems at path C:/Users/hayoo/CaseNumber0311/Assets
GfxDevice: creating device client; threaded=0
Direct3D:
    Version:  Direct3D 11.0 [level 11.1]
    Renderer: NVIDIA GeForce MX150 (ID=0x1c90)
    Vendor:   
    VRAM:     1983 MB
    Driver:   27.21.14.6259
Initialize mono
Mono path[0] = 'C:/Program Files/Unity/Hub/Editor/2020.3.19f1/Editor/Data/Managed'
Mono path[1] = 'C:/Program Files/Unity/Hub/Editor/2020.3.19f1/Editor/Data/MonoBleedingEdge/lib/mono/unityjit'
Mono config path = 'C:/Program Files/Unity/Hub/Editor/2020.3.19f1/Editor/Data/MonoBleedingEdge/etc'
Using monoOptions --debugger-agent=transport=dt_socket,embedding=1,server=y,suspend=n,address=127.0.0.1:56724
Begin MonoManager ReloadAssembly
Registering precompiled unity dll's ...
Register platform support module: C:/Program Files/Unity/Hub/Editor/2020.3.19f1/Editor/Data/PlaybackEngines/WebGLSupport/UnityEditor.WebGL.Extensions.dll
Register platform support module: C:/Program Files/Unity/Hub/Editor/2020.3.19f1/Editor/Data/PlaybackEngines/WindowsStandaloneSupport/UnityEditor.WindowsStandalone.Extensions.dll
Registered in 0.003077 seconds.
Native extension for WindowsStandalone target not found
Native extension for WebGL target not found
Refreshing native plugins compatible for Editor in 71.81 ms, found 3 plugins.
Preloading 0 native plugins for Editor in 0.00 ms.
Mono: successfully reloaded assembly
- Completed reload, in  1.575 seconds
Domain Reload Profiling:
	ReloadAssembly (1575ms)
		BeginReloadAssembly (77ms)
			ExecutionOrderSort (0ms)
			DisableScriptedObjects (0ms)
			BackupInstance (0ms)
			ReleaseScriptingObjects (0ms)
			CreateAndSetChildDomain (1ms)
		EndReloadAssembly (611ms)
			LoadAssemblies (74ms)
			RebuildTransferFunctionScriptingTraits (0ms)
			SetupTypeCache (201ms)
			ReleaseScriptCaches (0ms)
			RebuildScriptCaches (49ms)
			SetupLoadedEditorAssemblies (238ms)
				LogAssemblyErrors (0ms)
				InitializePlatformSupportModulesInManaged (7ms)
				SetLoadedEditorAssemblies (0ms)
				RefreshPlugins (72ms)
				BeforeProcessingInitializeOnLoad (21ms)
				ProcessInitializeOnLoadAttributes (100ms)
				ProcessInitializeOnLoadMethodAttributes (37ms)
				AfterProcessingInitializeOnLoad (0ms)
				EditorAssembliesLoaded (0ms)
			ExecutionOrderSort2 (0ms)
			AwakeInstancesAfterBackupRestoration (0ms)
Platform modules already initialized, skipping
Registering precompiled user dll's ...
Registered in 0.005693 seconds.
Begin MonoManager ReloadAssembly
Native extension for WindowsStandalone target not found
Native extension for WebGL target not found
Refreshing native plugins compatible for Editor in 66.26 ms, found 3 plugins.
Preloading 0 native plugins for Editor in 0.00 ms.
Mono: successfully reloaded assembly
- Completed reload, in  1.739 seconds
Domain Reload Profiling:
	ReloadAssembly (1741ms)
		BeginReloadAssembly (284ms)
			ExecutionOrderSort (0ms)
			DisableScriptedObjects (11ms)
			BackupInstance (0ms)
			ReleaseScriptingObjects (0ms)
			CreateAndSetChildDomain (25ms)
		EndReloadAssembly (1367ms)
			LoadAssemblies (209ms)
			RebuildTransferFunctionScriptingTraits (0ms)
			SetupTypeCache (460ms)
			ReleaseScriptCaches (1ms)
			RebuildScriptCaches (67ms)
			SetupLoadedEditorAssemblies (490ms)
				LogAssemblyErrors (0ms)
				InitializePlatformSupportModulesInManaged (7ms)
				SetLoadedEditorAssemblies (0ms)
				RefreshPlugins (66ms)
				BeforeProcessingInitializeOnLoad (103ms)
				ProcessInitializeOnLoadAttributes (274ms)
				ProcessInitializeOnLoadMethodAttributes (25ms)
				AfterProcessingInitializeOnLoad (14ms)
				EditorAssembliesLoaded (0ms)
			ExecutionOrderSort2 (0ms)
			AwakeInstancesAfterBackupRestoration (15ms)
Platform modules already initialized, skipping
========================================================================
Worker process is ready to serve import requests
Launched and connected shader compiler UnityShaderCompiler.exe after 0.10 seconds
Refreshing native plugins compatible for Editor in 0.52 ms, found 3 plugins.
Preloading 0 native plugins for Editor in 0.00 ms.
Unloading 2092 Unused Serialized files (Serialized files now loaded: 0)
System memory in use before: 93.1 MB.
System memory in use after: 93.2 MB.

Unloading 26 unused Assets to reduce memory usage. Loaded Objects now: 2531.
Total: 6.388400 ms (FindLiveObjects: 0.331300 ms CreateObjectMapping: 0.199900 ms MarkObjects: 5.761400 ms  DeleteObjects: 0.093800 ms)

AssetImportParameters requested are different than current active one (requested -> active):
  custom:framework-win-MediaFoundation: 216162199b28c13a410421893ffa2e32 -> 
  custom:video-decoder-ogg-theora: a1e56fd34408186e4bbccfd4996cb3dc -> 
  custom:container-muxer-webm: aa71ff27fc2769a1b78a27578f13a17b -> 
  custom:container-demuxer-webm: 4f35f7cbe854078d1ac9338744f61a02 -> 
  custom:container-demuxer-ogg: 62fdf1f143b41e24485cea50d1cbac27 -> 
  custom:video-encoder-webm-vp8: eb34c28f22e8b96e1ab97ce403110664 -> 
  custom:video-codec-MediaFoundation-h265: e54d7ab0439102e2317fc1e4b246158d -> 
  custom:video-decoder-webm-vp8: 9c59270c3fd7afecdb556c50c9e8de78 -> 
  custom:audio-decoder-ogg-vorbis: bf7c407c2cedff20999df2af8eb42d56 -> 
  custom:audio-encoder-webm-vorbis: bf7c407c2cedff20999df2af8eb42d56 -> 
========================================================================
Received Import Request.
  path: Assets/Images/Scene02-2/Nature_42.asset
  artifactKey: Guid(f65be9d0cbfe9c84cb00e04874e41b1e) Importer(815301076,1909f56bfc062723c751e8b465ee728b)
Start importing Assets/Images/Scene02-2/Nature_42.asset using Guid(f65be9d0cbfe9c84cb00e04874e41b1e) Importer(815301076,1909f56bfc062723c751e8b465ee728b)  -> (artifact id: '404ae090b85330160d6c0a3db6d224e3') in 0.139157 seconds 
  Import took 0.142934 seconds .

========================================================================
Received Import Request.
  Time since last request: 0.000250 seconds.
  path: Assets/Images/Scene02-2/Nature_40.asset
  artifactKey: Guid(6916c0efd83bcaf4cac3b5dbcf6a7f4f) Importer(815301076,1909f56bfc062723c751e8b465ee728b)
Start importing Assets/Images/Scene02-2/Nature_40.asset using Guid(6916c0efd83bcaf4cac3b5dbcf6a7f4f) Importer(815301076,1909f56bfc062723c751e8b465ee728b)  -> (artifact id: '87798456b178ed7c10b41f090bb0892e') in 0.028087 seconds 
  Import took 0.033789 seconds .

========================================================================
Received Import Request.
  Time since last request: 0.000400 seconds.
  path: Assets/Images/Scene02-2/Nature_43.asset
  artifactKey: Guid(380ad22ac285faf4796b60aa6135ba4f) Importer(815301076,1909f56bfc062723c751e8b465ee728b)
Start importing Assets/Images/Scene02-2/Nature_43.asset using Guid(380ad22ac285faf4796b60aa6135ba4f) Importer(815301076,1909f56bfc062723c751e8b465ee728b)  -> (artifact id: 'e88a4ab468a4fb21e54e61d0452c2cd4') in 0.025715 seconds 
  Import took 0.033612 seconds .

========================================================================
Received Import Request.
  Time since last request: 0.000244 seconds.
  path: Assets/Images/Scene02-2/Nature_48.asset
  artifactKey: Guid(2833962254543b4459dce54a92620108) Importer(815301076,1909f56bfc062723c751e8b465ee728b)
Start importing Assets/Images/Scene02-2/Nature_48.asset using Guid(2833962254543b4459dce54a92620108) Importer(815301076,1909f56bfc062723c751e8b465ee728b)  -> (artifact id: '2c0b9ff16cbeacd86af76e9eb63ff998') in 0.020132 seconds 
  Import took 0.025201 seconds .

========================================================================
Received Import Request.
  Time since last request: 0.000285 seconds.
  path: Assets/Images/Scene02-2/Nature_39.asset
  artifactKey: Guid(cb2fd7b7961edba40b6207578d70e2c4) Importer(815301076,1909f56bfc062723c751e8b465ee728b)
Start importing Assets/Images/Scene02-2/Nature_39.asset using Guid(cb2fd7b7961edba40b6207578d70e2c4) Importer(815301076,1909f56bfc062723c751e8b465ee728b)  -> (artifact id: 'ac5f9ec0b7347c2bcd5175454711866d') in 0.021777 seconds 
  Import took 0.028831 seconds .

========================================================================
Received Import Request.
  Time since last request: 0.000280 seconds.
  path: Assets/Images/Scene02-2/Nature_37.asset
  artifactKey: Guid(0e10bd25a65afad4297e500ee05da066) Importer(815301076,1909f56bfc062723c751e8b465ee728b)
Start importing Assets/Images/Scene02-2/Nature_37.asset using Guid(0e10bd25a65afad4297e500ee05da066) Importer(815301076,1909f56bfc062723c751e8b465ee728b)  -> (artifact id: 'a0ceee3365c2340cc2c8d1454df1143c') in 0.025663 seconds 
  Import took 0.031059 seconds .

========================================================================
Received Import Request.
  Time since last request: 0.000342 seconds.
  path: Assets/Images/Scene02-2/Nature_46.asset
  artifactKey: Guid(c0abd245221774246938f1e45d1de16a) Importer(815301076,1909f56bfc062723c751e8b465ee728b)
Start importing Assets/Images/Scene02-2/Nature_46.asset using Guid(c0abd245221774246938f1e45d1de16a) Importer(815301076,1909f56bfc062723c751e8b465ee728b)  -> (artifact id: '5f1471bccd366f965da27b1ffd84ef08') in 0.026045 seconds 
  Import took 0.032223 seconds .

========================================================================
Received Import Request.
  Time since last request: 0.000214 seconds.
  path: Assets/Images/Scene02-2/Nature_38.asset
  artifactKey: Guid(dab8b857b2af69a4ca179ad774b403c1) Importer(815301076,1909f56bfc062723c751e8b465ee728b)
Start importing Assets/Images/Scene02-2/Nature_38.asset using Guid(dab8b857b2af69a4ca179ad774b403c1) Importer(815301076,1909f56bfc062723c751e8b465ee728b)  -> (artifact id: '48043e746a1c7fc9346ccc397b79f872') in 0.018541 seconds 
  Import took 0.022380 seconds .

========================================================================
Received Import Request.
  Time since last request: 0.000393 seconds.
  path: Assets/Images/Scene02-2/Nature_41.asset
  artifactKey: Guid(fd8964e9fa4058544a0ef4b47a8c646a) Importer(815301076,1909f56bfc062723c751e8b465ee728b)
Start importing Assets/Images/Scene02-2/Nature_41.asset using Guid(fd8964e9fa4058544a0ef4b47a8c646a) Importer(815301076,1909f56bfc062723c751e8b465ee728b)  -> (artifact id: '971f6f4084484981acbe2f027938460d') in 0.017702 seconds 
  Import took 0.023224 seconds .

========================================================================
Received Import Request.
  Time since last request: 0.000205 seconds.
  path: Assets/Images/Scene02-2/Nature_47.asset
  artifactKey: Guid(549e7d3fec3dbb04db9beb7dc8541ec6) Importer(815301076,1909f56bfc062723c751e8b465ee728b)
Start importing Assets/Images/Scene02-2/Nature_47.asset using Guid(549e7d3fec3dbb04db9beb7dc8541ec6) Importer(815301076,1909f56bfc062723c751e8b465ee728b)  -> (artifact id: '8cdb0006413c4038cfad9d492d27a4f5') in 0.016729 seconds 
  Import took 0.023322 seconds .

========================================================================
Received Import Request.
  Time since last request: 0.000338 seconds.
  path: Assets/Images/Scene02-2/Nature_45.asset
  artifactKey: Guid(43a5d8b0522582c4d8dbe409fcfd5b76) Importer(815301076,1909f56bfc062723c751e8b465ee728b)
Start importing Assets/Images/Scene02-2/Nature_45.asset using Guid(43a5d8b0522582c4d8dbe409fcfd5b76) Importer(815301076,1909f56bfc062723c751e8b465ee728b)  -> (artifact id: '446ae729fcd41fdecb25dcdeeccad92a') in 0.015000 seconds 
  Import took 0.021802 seconds .

========================================================================
Received Import Request.
  Time since last request: 0.000429 seconds.
  path: Assets/Images/Scene02-2/Nature_44.asset
  artifactKey: Guid(66f5d8a37e9372d4c8a6043d1c808783) Importer(815301076,1909f56bfc062723c751e8b465ee728b)
Start importing Assets/Images/Scene02-2/Nature_44.asset using Guid(66f5d8a37e9372d4c8a6043d1c808783) Importer(815301076,1909f56bfc062723c751e8b465ee728b)  -> (artifact id: '3d258d1395282a59c2c6ec526c06671e') in 0.018955 seconds 
  Import took 0.026045 seconds .

AssetImportWorkerClient::OnTransportError - code=2 error=End of file
